# JRE version: Java(TM) SE Runtime Environment (7.0_79-b15) (build 1.7.0_79-b15)
# Java VM: Java HotSpot(TM) 64-Bit Server VM (24.79-b02 mixed mode linux-amd64 compressed oops)
Heap
 def new generation   total 132096K, used 0K [0x00000000dae00000, 0x00000000e3d50000, 0x00000000e58a0000)
  eden space 117440K,   0% used [0x00000000dae00000, 0x00000000dae00000, 0x00000000e20b0000)
  from space 14656K,   0% used [0x00000000e20b0000, 0x00000000e20b0000, 0x00000000e2f00000)
  to   space 14656K,   0% used [0x00000000e2f00000, 0x00000000e2f00000, 0x00000000e3d50000)
 tenured generation   total 294348K, used 231950K [0x00000000e58a0000, 0x00000000f7813000, 0x00000000fae00000)
   the space 294348K,  78% used [0x00000000e58a0000, 0x00000000f3b23930, 0x00000000f3b23a00, 0x00000000f7813000)
 compacting perm gen  total 24768K, used 24717K [0x00000000fae00000, 0x00000000fc630000, 0x0000000100000000)
   the space 24768K,  99% used [0x00000000fae00000, 0x00000000fc6235c0, 0x00000000fc623600, 0x00000000fc630000)
GC Heap History (10 events):
Event: 96.094 GC heap after
Heap after GC invocations=53 (full 4):
 def new generation   total 132096K, used 8100K [0x00000000dae00000, 0x00000000e3d50000, 0x00000000e58a0000)
  eden space 117440K,   0% used [0x00000000dae00000, 0x00000000dae00000, 0x00000000e20b0000)
  from space 14656K,  55% used [0x00000000e2f00000, 0x00000000e36e9108, 0x00000000e3d50000)
  to   space 14656K,   0% used [0x00000000e20b0000, 0x00000000e20b0000, 0x00000000e2f00000)
 tenured generation   total 293388K, used 285935K [0x00000000e58a0000, 0x00000000f7723000, 0x00000000fae00000)
   the space 293388K,  97% used [0x00000000e58a0000, 0x00000000f6fdbf60, 0x00000000f6fdc000, 0x00000000f7723000)
 compacting perm gen  total 24448K, used 24201K [0x00000000fae00000, 0x00000000fc5e0000, 0x0000000100000000)
   the space 24448K,  98% used [0x00000000fae00000, 0x00000000fc5a2498, 0x00000000fc5a2600, 0x00000000fc5e0000)
No shared spaces configured.
}
Event: 97.049 GC heap before
{Heap before GC invocations=53 (full 4):
 def new generation   total 132096K, used 125540K [0x00000000dae00000, 0x00000000e3d50000, 0x00000000e58a0000)
  eden space 117440K, 100% used [0x00000000dae00000, 0x00000000e20b0000, 0x00000000e20b0000)
  from space 14656K,  55% used [0x00000000e2f00000, 0x00000000e36e9108, 0x00000000e3d50000)
  to   space 14656K,   0% used [0x00000000e20b0000, 0x00000000e20b0000, 0x00000000e2f00000)
 tenured generation   total 293388K, used 285935K [0x00000000e58a0000, 0x00000000f7723000, 0x00000000fae00000)
   the space 293388K,  97% used [0x00000000e58a0000, 0x00000000f6fdbf60, 0x00000000f6fdc000, 0x00000000f7723000)
 compacting perm gen  total 24768K, used 24571K [0x00000000fae00000, 0x00000000fc630000, 0x0000000100000000)
   the space 24768K,  99% used [0x00000000fae00000, 0x00000000fc5fef18, 0x00000000fc5ff000, 0x00000000fc630000)
No shared spaces configured.
Event: 97.077 GC heap after
Heap after GC invocations=54 (full 4):
 def new generation   total 132096K, used 6619K [0x00000000dae00000, 0x00000000e3d50000, 0x00000000e58a0000)
  eden space 117440K,   0% used [0x00000000dae00000, 0x00000000dae00000, 0x00000000e20b0000)
  from space 14656K,  45% used [0x00000000e20b0000, 0x00000000e2726d90, 0x00000000e2f00000)
  to   space 14656K,   0% used [0x00000000e2f00000, 0x00000000e2f00000, 0x00000000e3d50000)
 tenured generation   total 293388K, used 288303K [0x00000000e58a0000, 0x00000000f7723000, 0x00000000fae00000)
   the space 293388K,  98% used [0x00000000e58a0000, 0x00000000f722bf48, 0x00000000f722c000, 0x00000000f7723000)
 compacting perm gen  total 24768K, used 24571K [0x00000000fae00000, 0x00000000fc630000, 0x0000000100000000)
   the space 24768K,  99% used [0x00000000fae00000, 0x00000000fc5fef18, 0x00000000fc5ff000, 0x00000000fc630000)
No shared spaces configured.
}
Event: 97.913 GC heap before
{Heap before GC invocations=54 (full 4):
 def new generation   total 132096K, used 124059K [0x00000000dae00000, 0x00000000e3d50000, 0x00000000e58a0000)
  eden space 117440K, 100% used [0x00000000dae00000, 0x00000000e20b0000, 0x00000000e20b0000)
  from space 14656K,  45% used [0x00000000e20b0000, 0x00000000e2726d90, 0x00000000e2f00000)
  to   space 14656K,   0% used [0x00000000e2f00000, 0x00000000e2f00000, 0x00000000e3d50000)
 tenured generation   total 293388K, used 288303K [0x00000000e58a0000, 0x00000000f7723000, 0x00000000fae00000)
   the space 293388K,  98% used [0x00000000e58a0000, 0x00000000f722bf48, 0x00000000f722c000, 0x00000000f7723000)
 compacting perm gen  total 24768K, used 24597K [0x00000000fae00000, 0x00000000fc630000, 0x0000000100000000)
   the space 24768K,  99% used [0x00000000fae00000, 0x00000000fc605770, 0x00000000fc605800, 0x00000000fc630000)
No shared spaces configured.
Event: 97.940 GC heap after
Heap after GC invocations=55 (full 4):
 def new generation   total 132096K, used 9046K [0x00000000dae00000, 0x00000000e3d50000, 0x00000000e58a0000)
  eden space 117440K,   0% used [0x00000000dae00000, 0x00000000dae00000, 0x00000000e20b0000)
  from space 14656K,  61% used [0x00000000e2f00000, 0x00000000e37d5a38, 0x00000000e3d50000)
  to   space 14656K,   0% used [0x00000000e20b0000, 0x00000000e20b0000, 0x00000000e2f00000)
 tenured generation   total 293388K, used 288303K [0x00000000e58a0000, 0x00000000f7723000, 0x00000000fae00000)
   the space 293388K,  98% used [0x00000000e58a0000, 0x00000000f722bf48, 0x00000000f722c000, 0x00000000f7723000)
 compacting perm gen  total 24768K, used 24597K [0x00000000fae00000, 0x00000000fc630000, 0x0000000100000000)
   the space 24768K,  99% used [0x00000000fae00000, 0x00000000fc605770, 0x00000000fc605800, 0x00000000fc630000)
No shared spaces configured.
}
Event: 98.592 GC heap before
{Heap before GC invocations=55 (full 4):
 def new generation   total 132096K, used 126486K [0x00000000dae00000, 0x00000000e3d50000, 0x00000000e58a0000)
  eden space 117440K, 100% used [0x00000000dae00000, 0x00000000e20b0000, 0x00000000e20b0000)
  from space 14656K,  61% used [0x00000000e2f00000, 0x00000000e37d5a38, 0x00000000e3d50000)
  to   space 14656K,   0% used [0x00000000e20b0000, 0x00000000e20b0000, 0x00000000e2f00000)
 tenured generation   total 293388K, used 288303K [0x00000000e58a0000, 0x00000000f7723000, 0x00000000fae00000)
   the space 293388K,  98% used [0x00000000e58a0000, 0x00000000f722bf48, 0x00000000f722c000, 0x00000000f7723000)
 compacting perm gen  total 24768K, used 24614K [0x00000000fae00000, 0x00000000fc630000, 0x0000000100000000)
   the space 24768K,  99% used [0x00000000fae00000, 0x00000000fc609980, 0x00000000fc609a00, 0x00000000fc630000)
No shared spaces configured.
Event: 98.621 GC heap after
Heap after GC invocations=56 (full 4):
 def new generation   total 132096K, used 6962K [0x00000000dae00000, 0x00000000e3d50000, 0x00000000e58a0000)
  eden space 117440K,   0% used [0x00000000dae00000, 0x00000000dae00000, 0x00000000e20b0000)
  from space 14656K,  47% used [0x00000000e20b0000, 0x00000000e277c800, 0x00000000e2f00000)
  to   space 14656K,   0% used [0x00000000e2f00000, 0x00000000e2f00000, 0x00000000e3d50000)
 tenured generation   total 293388K, used 291057K [0x00000000e58a0000, 0x00000000f7723000, 0x00000000fae00000)
   the space 293388K,  99% used [0x00000000e58a0000, 0x00000000f74dc428, 0x00000000f74dc600, 0x00000000f7723000)
 compacting perm gen  total 24768K, used 24614K [0x00000000fae00000, 0x00000000fc630000, 0x0000000100000000)
   the space 24768K,  99% used [0x00000000fae00000, 0x00000000fc609980, 0x00000000fc609a00, 0x00000000fc630000)
No shared spaces configured.
}
Event: 100.453 GC heap before
{Heap before GC invocations=56 (full 4):
 def new generation   total 132096K, used 124402K [0x00000000dae00000, 0x00000000e3d50000, 0x00000000e58a0000)
  eden space 117440K, 100% used [0x00000000dae00000, 0x00000000e20b0000, 0x00000000e20b0000)
  from space 14656K,  47% used [0x00000000e20b0000, 0x00000000e277c800, 0x00000000e2f00000)
  to   space 14656K,   0% used [0x00000000e2f00000, 0x00000000e2f00000, 0x00000000e3d50000)
 tenured generation   total 293388K, used 291057K [0x00000000e58a0000, 0x00000000f7723000, 0x00000000fae00000)
   the space 293388K,  99% used [0x00000000e58a0000, 0x00000000f74dc428, 0x00000000f74dc600, 0x00000000f7723000)
 compacting perm gen  total 24768K, used 24708K [0x00000000fae00000, 0x00000000fc630000, 0x0000000100000000)
   the space 24768K,  99% used [0x00000000fae00000, 0x00000000fc621330, 0x00000000fc621400, 0x00000000fc630000)
No shared spaces configured.
Event: 100.523 GC heap after
Heap after GC invocations=57 (full 4):
 def new generation   total 132096K, used 9946K [0x00000000dae00000, 0x00000000e3d50000, 0x00000000e58a0000)
  eden space 117440K,   0% used [0x00000000dae00000, 0x00000000dae00000, 0x00000000e20b0000)
  from space 14656K,  67% used [0x00000000e2f00000, 0x00000000e38b6bb0, 0x00000000e3d50000)
  to   space 14656K,   0% used [0x00000000e20b0000, 0x00000000e20b0000, 0x00000000e2f00000)
 tenured generation   total 293388K, used 291057K [0x00000000e58a0000, 0x00000000f7723000, 0x00000000fae00000)
   the space 293388K,  99% used [0x00000000e58a0000, 0x00000000f74dc428, 0x00000000f74dc600, 0x00000000f7723000)
 compacting perm gen  total 24768K, used 24708K [0x00000000fae00000, 0x00000000fc630000, 0x0000000100000000)
   the space 24768K,  99% used [0x00000000fae00000, 0x00000000fc621330, 0x00000000fc621400, 0x00000000fc630000)
No shared spaces configured.
}
Event: 101.069 GC heap before
{Heap before GC invocations=57 (full 4):
 def new generation   total 132096K, used 127386K [0x00000000dae00000, 0x00000000e3d50000, 0x00000000e58a0000)
  eden space 117440K, 100% used [0x00000000dae00000, 0x00000000e20b0000, 0x00000000e20b0000)
  from space 14656K,  67% used [0x00000000e2f00000, 0x00000000e38b6bb0, 0x00000000e3d50000)
  to   space 14656K,   0% used [0x00000000e20b0000, 0x00000000e20b0000, 0x00000000e2f00000)
 tenured generation   total 293388K, used 291057K [0x00000000e58a0000, 0x00000000f7723000, 0x00000000fae00000)
   the space 293388K,  99% used [0x00000000e58a0000, 0x00000000f74dc428, 0x00000000f74dc600, 0x00000000f7723000)
 compacting perm gen  total 24768K, used 24717K [0x00000000fae00000, 0x00000000fc630000, 0x0000000100000000)
   the space 24768K,  99% used [0x00000000fae00000, 0x00000000fc6235c0, 0x00000000fc623600, 0x00000000fc630000)
No shared spaces configured.

